<?xml version="1.0" encoding="UTF-8"?>
<!-- Generated by org.testng.reporters.JUnitReportReporter -->
<testsuite hostname="DESKTOP-J494I73" name="com.inetBankingV01.TestCases.LoginPageTestcase" tests="1" failures="0" timestamp="16 Jul 2019 08:13:46 GMT" time="4.073" errors="0">
  <testcase name="loginPage" time="4.073" classname="com.inetBankingV01.TestCases.LoginPageTestcase"/>
</testsuite> <!-- com.inetBankingV01.TestCases.LoginPageTestcase -->
