<?xml version="1.0" encoding="UTF-8"?>
<!-- Generated by org.testng.reporters.JUnitReportReporter -->
<testsuite hostname="DESKTOP-J494I73" name="com.inetBankingV01.TestCases.LoginPageTestcase" tests="1" failures="0" timestamp="12 Jul 2019 07:46:56 GMT" time="3.612" errors="0">
  <testcase name="loginPage" time="3.612" classname="com.inetBankingV01.TestCases.LoginPageTestcase"/>
</testsuite> <!-- com.inetBankingV01.TestCases.LoginPageTestcase -->
